<?xml version="1.0" encoding="UTF-8"?>
<!-- Generated by org.testng.reporters.JUnitReportReporter -->
<testsuite hostname="DESKTOP-5IK2IB9" failures="0" tests="1" name="Session14.AddHeaderRequestDemo" time="1.739" errors="0" timestamp="2024-01-24T16:35:34 IST" skipped="0">
  <testcase classname="Session14.AddHeaderRequestDemo" name="testMethod1" time="1.739"/>
</testsuite> <!-- Session14.AddHeaderRequestDemo -->
